# JRE version: OpenJDK Runtime Environment AdoptOpenJDK-11.0.11+9 (11.0.11+9) (build 11.0.11+9)
# Java VM: OpenJDK 64-Bit Server VM AdoptOpenJDK-11.0.11+9 (11.0.11+9, mixed mode, tiered, compressed oops, g1 gc, windows-amd64)
Heap:
 garbage-first heap   total 129024K, used 34752K [0x00000000e0000000, 0x0000000100000000)
  region size 1024K, 31 young (31744K), 5 survivors (5120K)
 Metaspace       used 25563K, capacity 26411K, committed 26624K, reserved 1073152K
  class space    used 2967K, capacity 3327K, committed 3328K, reserved 1048576K
GC Heap History (6 events):
Event: 0.665 GC heap before
{Heap before GC invocations=0 (full 0):
 garbage-first heap   total 129024K, used 23552K [0x00000000e0000000, 0x0000000100000000)
  region size 1024K, 24 young (24576K), 0 survivors (0K)
 Metaspace       used 15469K, capacity 16077K, committed 16384K, reserved 1062912K
  class space    used 1731K, capacity 1937K, committed 2048K, reserved 1048576K
}
Event: 0.670 GC heap after
{Heap after GC invocations=1 (full 0):
 garbage-first heap   total 129024K, used 4939K [0x00000000e0000000, 0x0000000100000000)
  region size 1024K, 3 young (3072K), 3 survivors (3072K)
 Metaspace       used 15469K, capacity 16077K, committed 16384K, reserved 1062912K
  class space    used 1731K, capacity 1937K, committed 2048K, reserved 1048576K
}
Event: 0.980 GC heap before
{Heap before GC invocations=1 (full 0):
 garbage-first heap   total 129024K, used 24395K [0x00000000e0000000, 0x0000000100000000)
  region size 1024K, 22 young (22528K), 3 survivors (3072K)
 Metaspace       used 20039K, capacity 20715K, committed 20992K, reserved 1067008K
  class space    used 2250K, capacity 2503K, committed 2560K, reserved 1048576K
}
Event: 0.984 GC heap after
{Heap after GC invocations=2 (full 0):
 garbage-first heap   total 129024K, used 7628K [0x00000000e0000000, 0x0000000100000000)
  region size 1024K, 3 young (3072K), 3 survivors (3072K)
 Metaspace       used 20039K, capacity 20715K, committed 20992K, reserved 1067008K
  class space    used 2250K, capacity 2503K, committed 2560K, reserved 1048576K
}
Event: 1.062 GC heap before
{Heap before GC invocations=2 (full 0):
 garbage-first heap   total 129024K, used 14796K [0x00000000e0000000, 0x0000000100000000)
  region size 1024K, 11 young (11264K), 3 survivors (3072K)
 Metaspace       used 20551K, capacity 21215K, committed 21248K, reserved 1069056K
  class space    used 2280K, capacity 2542K, committed 2560K, reserved 1048576K
}
Event: 1.068 GC heap after
{Heap after GC invocations=3 (full 0):
 garbage-first heap   total 129024K, used 9152K [0x00000000e0000000, 0x0000000100000000)
  region size 1024K, 5 young (5120K), 5 survivors (5120K)
 Metaspace       used 20551K, capacity 21215K, committed 21248K, reserved 1069056K
  class space    used 2280K, capacity 2542K, committed 2560K, reserved 1048576K
}

